# JRE version: Java(TM) SE Runtime Environment (22.0.1+8) (build 22.0.1+8-16)
# Java VM: Java HotSpot(TM) 64-Bit Server VM (22.0.1+8-16, mixed mode, sharing, tiered, compressed oops, compressed class ptrs, g1 gc, windows-amd64)
GC Precious Log:
 CardTable entry size: 512
 Card Set container configuration: InlinePtr #cards 5 size 8 Array Of Cards #cards 12 size 40 Howl #buckets 4 coarsen threshold 1843 Howl Bitmap #cards 512 size 80 coarsen threshold 460 Card regions per heap region 1 cards per card region 2048
 CPUs: 4 total, 4 available
 Memory: 8088M
 Large Page Support: Disabled
 NUMA Support: Disabled
 Compressed Oops: Enabled (32-bit)
 Heap Region Size: 1M
 Heap Min Capacity: 8M
 Heap Initial Capacity: 128M
 Heap Max Capacity: 2024M
 Pre-touch: Disabled
 Parallel Workers: 4
 Concurrent Workers: 1
 Concurrent Refinement Workers: 4
 Periodic GC: Disabled
Heap:
 garbage-first heap   total reserved 2072576K, committed 45056K, used 27438K [0x0000000081800000, 0x0000000100000000)
  region size 1024K, 8 young (8192K), 3 survivors (3072K)
 Metaspace       used 56134K, committed 56832K, reserved 1114112K
  class space    used 7760K, committed 8064K, reserved 1048576K
GC Heap History (20 events):
Event: 2.760 GC heap before
{Heap before GC invocations=2 (full 0):
 garbage-first heap   total reserved 2072576K, committed 131072K, used 41242K [0x0000000081800000, 0x0000000100000000)
  region size 1024K, 36 young (36864K), 2 survivors (2048K)
 Metaspace       used 17850K, committed 18112K, reserved 1114112K
  class space    used 2190K, committed 2304K, reserved 1048576K
}
Event: 2.767 GC heap after
{Heap after GC invocations=3 (full 0):
 garbage-first heap   total reserved 2072576K, committed 131072K, used 10571K [0x0000000081800000, 0x0000000100000000)
  region size 1024K, 5 young (5120K), 5 survivors (5120K)
 Metaspace       used 17850K, committed 18112K, reserved 1114112K
  class space    used 2190K, committed 2304K, reserved 1048576K
}
Event: 3.657 GC heap before
{Heap before GC invocations=3 (full 0):
 garbage-first heap   total reserved 2072576K, committed 131072K, used 34123K [0x0000000081800000, 0x0000000100000000)
  region size 1024K, 30 young (30720K), 5 survivors (5120K)
 Metaspace       used 21168K, committed 21504K, reserved 1114112K
  class space    used 2563K, committed 2752K, reserved 1048576K
}
Event: 3.668 GC heap after
{Heap after GC invocations=4 (full 0):
 garbage-first heap   total reserved 2072576K, committed 131072K, used 13172K [0x0000000081800000, 0x0000000100000000)
  region size 1024K, 7 young (7168K), 7 survivors (7168K)
 Metaspace       used 21168K, committed 21504K, reserved 1114112K
  class space    used 2563K, committed 2752K, reserved 1048576K
}
Event: 5.081 GC heap before
{Heap before GC invocations=5 (full 0):
 garbage-first heap   total reserved 2072576K, committed 45056K, used 32628K [0x0000000081800000, 0x0000000100000000)
  region size 1024K, 26 young (26624K), 7 survivors (7168K)
 Metaspace       used 24300K, committed 24704K, reserved 1114112K
  class space    used 3020K, committed 3200K, reserved 1048576K
}
Event: 5.101 GC heap after
{Heap after GC invocations=6 (full 0):
 garbage-first heap   total reserved 2072576K, committed 45056K, used 14544K [0x0000000081800000, 0x0000000100000000)
  region size 1024K, 2 young (2048K), 2 survivors (2048K)
 Metaspace       used 24300K, committed 24704K, reserved 1114112K
  class space    used 3020K, committed 3200K, reserved 1048576K
}
Event: 6.122 GC heap before
{Heap before GC invocations=6 (full 0):
 garbage-first heap   total reserved 2072576K, committed 45056K, used 35024K [0x0000000081800000, 0x0000000100000000)
  region size 1024K, 22 young (22528K), 2 survivors (2048K)
 Metaspace       used 29130K, committed 29568K, reserved 1114112K
  class space    used 3710K, committed 3904K, reserved 1048576K
}
Event: 6.132 GC heap after
{Heap after GC invocations=7 (full 0):
 garbage-first heap   total reserved 2072576K, committed 45056K, used 16904K [0x0000000081800000, 0x0000000100000000)
  region size 1024K, 3 young (3072K), 3 survivors (3072K)
 Metaspace       used 29130K, committed 29568K, reserved 1114112K
  class space    used 3710K, committed 3904K, reserved 1048576K
}
Event: 7.224 GC heap before
{Heap before GC invocations=7 (full 0):
 garbage-first heap   total reserved 2072576K, committed 45056K, used 36360K [0x0000000081800000, 0x0000000100000000)
  region size 1024K, 22 young (22528K), 3 survivors (3072K)
 Metaspace       used 32689K, committed 33280K, reserved 1114112K
  class space    used 4198K, committed 4480K, reserved 1048576K
}
Event: 7.231 GC heap after
{Heap after GC invocations=8 (full 0):
 garbage-first heap   total reserved 2072576K, committed 45056K, used 18092K [0x0000000081800000, 0x0000000100000000)
  region size 1024K, 2 young (2048K), 2 survivors (2048K)
 Metaspace       used 32689K, committed 33280K, reserved 1114112K
  class space    used 4198K, committed 4480K, reserved 1048576K
}
Event: 7.658 GC heap before
{Heap before GC invocations=8 (full 0):
 garbage-first heap   total reserved 2072576K, committed 45056K, used 26284K [0x0000000081800000, 0x0000000100000000)
  region size 1024K, 11 young (11264K), 2 survivors (2048K)
 Metaspace       used 35415K, committed 35968K, reserved 1114112K
  class space    used 4615K, committed 4864K, reserved 1048576K
}
Event: 7.662 GC heap after
{Heap after GC invocations=9 (full 0):
 garbage-first heap   total reserved 2072576K, committed 45056K, used 18389K [0x0000000081800000, 0x0000000100000000)
  region size 1024K, 2 young (2048K), 2 survivors (2048K)
 Metaspace       used 35415K, committed 35968K, reserved 1114112K
  class space    used 4615K, committed 4864K, reserved 1048576K
}
Event: 9.676 GC heap before
{Heap before GC invocations=10 (full 0):
 garbage-first heap   total reserved 2072576K, committed 45056K, used 37845K [0x0000000081800000, 0x0000000100000000)
  region size 1024K, 21 young (21504K), 2 survivors (2048K)
 Metaspace       used 41049K, committed 41664K, reserved 1114112K
  class space    used 5462K, committed 5760K, reserved 1048576K
}
Event: 9.681 GC heap after
{Heap after GC invocations=11 (full 0):
 garbage-first heap   total reserved 2072576K, committed 45056K, used 19926K [0x0000000081800000, 0x0000000100000000)
  region size 1024K, 2 young (2048K), 2 survivors (2048K)
 Metaspace       used 41049K, committed 41664K, reserved 1114112K
  class space    used 5462K, committed 5760K, reserved 1048576K
}
Event: 10.362 GC heap before
{Heap before GC invocations=11 (full 0):
 garbage-first heap   total reserved 2072576K, committed 45056K, used 38358K [0x0000000081800000, 0x0000000100000000)
  region size 1024K, 21 young (21504K), 2 survivors (2048K)
 Metaspace       used 45942K, committed 46528K, reserved 1114112K
  class space    used 6132K, committed 6400K, reserved 1048576K
}
Event: 10.369 GC heap after
{Heap after GC invocations=12 (full 0):
 garbage-first heap   total reserved 2072576K, committed 45056K, used 21035K [0x0000000081800000, 0x0000000100000000)
  region size 1024K, 3 young (3072K), 3 survivors (3072K)
 Metaspace       used 45942K, committed 46528K, reserved 1114112K
  class space    used 6132K, committed 6400K, reserved 1048576K
}
Event: 11.091 GC heap before
{Heap before GC invocations=12 (full 0):
 garbage-first heap   total reserved 2072576K, committed 45056K, used 38443K [0x0000000081800000, 0x0000000100000000)
  region size 1024K, 20 young (20480K), 3 survivors (3072K)
 Metaspace       used 51695K, committed 52288K, reserved 1114112K
  class space    used 7116K, committed 7424K, reserved 1048576K
}
Event: 11.099 GC heap after
{Heap after GC invocations=13 (full 0):
 garbage-first heap   total reserved 2072576K, committed 45056K, used 21823K [0x0000000081800000, 0x0000000100000000)
  region size 1024K, 3 young (3072K), 3 survivors (3072K)
 Metaspace       used 51695K, committed 52288K, reserved 1114112K
  class space    used 7116K, committed 7424K, reserved 1048576K
}
Event: 12.524 GC heap before
{Heap before GC invocations=13 (full 0):
 garbage-first heap   total reserved 2072576K, committed 45056K, used 36159K [0x0000000081800000, 0x0000000100000000)
  region size 1024K, 18 young (18432K), 3 survivors (3072K)
 Metaspace       used 55539K, committed 56128K, reserved 1114112K
  class space    used 7599K, committed 7872K, reserved 1048576K
}
Event: 12.530 GC heap after
{Heap after GC invocations=14 (full 0):
 garbage-first heap   total reserved 2072576K, committed 45056K, used 23342K [0x0000000081800000, 0x0000000100000000)
  region size 1024K, 3 young (3072K), 3 survivors (3072K)
 Metaspace       used 55539K, committed 56128K, reserved 1114112K
  class space    used 7599K, committed 7872K, reserved 1048576K
}

